2024-05-05 05:58:57.835  INFO 4089 --- [main] c.t.p.PaymentServiceApplication          : Starting PaymentServiceApplication using Java 1.8.0_402 on ftgoserver with PID 4089 (/home/user1/microservices-monitoring/payment-service/target/classes started by user1 in /home/user1/microservices-monitoring/payment-service)
2024-05-05 05:58:57.838  INFO 4089 --- [main] c.t.p.PaymentServiceApplication          : No active profile set, falling back to 1 default profile: "default"
2024-05-05 05:58:57.866  INFO 4089 --- [main] o.s.c.c.c.ConfigServerConfigDataLoader   : Fetching config from server at : http://localhost:9196
2024-05-05 05:58:57.866  INFO 4089 --- [main] o.s.c.c.c.ConfigServerConfigDataLoader   : Located environment: name=payment-service, profiles=[default], label=null, version=1dc93fbb7b9bfb05da4d42dbd8b5aa3fe67e337f, state=null
2024-05-05 05:58:58.352  INFO 4089 --- [main] .s.d.r.c.RepositoryConfigurationDelegate : Bootstrapping Spring Data JPA repositories in DEFAULT mode.
2024-05-05 05:58:58.501  INFO 4089 --- [main] .s.d.r.c.RepositoryConfigurationDelegate : Finished Spring Data repository scanning in 136 ms. Found 1 JPA repository interfaces.
2024-05-05 05:58:58.753  INFO 4089 --- [main] o.s.cloud.context.scope.GenericScope     : BeanFactory id=f178e4eb-0ac5-3f75-9f5f-5386dfb6cdbb
2024-05-05 05:58:59.121  INFO 4089 --- [main] o.s.b.w.embedded.tomcat.TomcatWebServer  : Tomcat initialized with port(s): 9092 (http)
2024-05-05 05:58:59.128  INFO 4089 --- [main] o.apache.catalina.core.StandardService   : Starting service [Tomcat]
2024-05-05 05:58:59.129  INFO 4089 --- [main] org.apache.catalina.core.StandardEngine  : Starting Servlet engine: [Apache Tomcat/9.0.82]
2024-05-05 05:58:59.182  INFO 4089 --- [main] o.a.c.c.C.[Tomcat].[localhost].[/]       : Initializing Spring embedded WebApplicationContext
2024-05-05 05:58:59.182  INFO 4089 --- [main] w.s.c.ServletWebServerApplicationContext : Root WebApplicationContext: initialization completed in 1315 ms
2024-05-05 05:58:59.207  INFO 4089 --- [main] com.zaxxer.hikari.HikariDataSource       : HikariPool-1 - Starting...
2024-05-05 05:58:59.376  INFO 4089 --- [main] com.zaxxer.hikari.HikariDataSource       : HikariPool-1 - Start completed.
2024-05-05 05:58:59.387  INFO 4089 --- [main] o.s.b.a.h2.H2ConsoleAutoConfiguration    : H2 console available at '/h2-console'. Database available at 'jdbc:h2:mem:payment'
2024-05-05 05:58:59.530  INFO 4089 --- [main] o.hibernate.jpa.internal.util.LogHelper  : HHH000204: Processing PersistenceUnitInfo [name: default]
2024-05-05 05:58:59.566  INFO 4089 --- [main] org.hibernate.Version                    : HHH000412: Hibernate ORM core version 5.6.15.Final
2024-05-05 05:58:59.683  INFO 4089 --- [main] o.hibernate.annotations.common.Version   : HCANN000001: Hibernate Commons Annotations {5.1.2.Final}
2024-05-05 05:58:59.776  INFO 4089 --- [main] org.hibernate.dialect.Dialect            : HHH000400: Using dialect: org.hibernate.dialect.H2Dialect
2024-05-05 05:59:00.235 DEBUG 4089 --- [main] org.hibernate.SQL                        : create table payment_tbl (payment_id integer not null, amount double not null, order_id integer not null, payment_status varchar(255), transaction_id varchar(255), primary key (payment_id))
2024-05-05 05:59:00.240 DEBUG 4089 --- [main] org.hibernate.SQL                        : create sequence hibernate_sequence start with 1 increment by 1
2024-05-05 05:59:00.242  INFO 4089 --- [main] o.h.e.t.j.p.i.JtaPlatformInitiator       : HHH000490: Using JtaPlatform implementation: [org.hibernate.engine.transaction.jta.platform.internal.NoJtaPlatform]
2024-05-05 05:59:00.251  INFO 4089 --- [main] j.LocalContainerEntityManagerFactoryBean : Initialized JPA EntityManagerFactory for persistence unit 'default'
2024-05-05 05:59:00.699  WARN 4089 --- [main] JpaBaseConfiguration$JpaWebConfiguration : spring.jpa.open-in-view is enabled by default. Therefore, database queries may be performed during view rendering. Explicitly configure spring.jpa.open-in-view to disable this warning
2024-05-05 05:59:01.080  INFO 4089 --- [main] DiscoveryClientOptionalArgsConfiguration : Eureka HTTP Client uses RestTemplate.
2024-05-05 05:59:01.230  WARN 4089 --- [main] iguration$LoadBalancerCaffeineWarnLogger : Spring Cloud LoadBalancer is currently working with the default cache. While this cache implementation is useful for development and tests, it's recommended to use Caffeine cache in production.You can switch to using Caffeine cache, by adding it and org.springframework.cache.caffeine.CaffeineCacheManager to the classpath.
2024-05-05 05:59:01.298  INFO 4089 --- [main] o.s.c.n.eureka.InstanceInfoFactory       : Setting initial instance status as: STARTING
2024-05-05 05:59:01.348  INFO 4089 --- [main] com.netflix.discovery.DiscoveryClient    : Initializing Eureka in region us-east-1
2024-05-05 05:59:01.352  INFO 4089 --- [main] c.n.d.s.r.aws.ConfigClusterResolver      : Resolving eureka endpoints via configuration
2024-05-05 05:59:01.381  INFO 4089 --- [main] com.netflix.discovery.DiscoveryClient    : Disable delta property : false
2024-05-05 05:59:01.381  INFO 4089 --- [main] com.netflix.discovery.DiscoveryClient    : Single vip registry refresh property : null
2024-05-05 05:59:01.381  INFO 4089 --- [main] com.netflix.discovery.DiscoveryClient    : Force full registry fetch : false
2024-05-05 05:59:01.382  INFO 4089 --- [main] com.netflix.discovery.DiscoveryClient    : Application is null : false
2024-05-05 05:59:01.382  INFO 4089 --- [main] com.netflix.discovery.DiscoveryClient    : Registered Applications size is zero : true
2024-05-05 05:59:01.382  INFO 4089 --- [main] com.netflix.discovery.DiscoveryClient    : Application version is -1: true
2024-05-05 05:59:01.382  INFO 4089 --- [main] com.netflix.discovery.DiscoveryClient    : Getting all instance registry info from the eureka server
2024-05-05 05:59:01.593  INFO 4089 --- [main] com.netflix.discovery.DiscoveryClient    : The response status is 200
2024-05-05 05:59:01.596  INFO 4089 --- [main] com.netflix.discovery.DiscoveryClient    : Starting heartbeat executor: renew interval is: 30
2024-05-05 05:59:01.599  INFO 4089 --- [main] c.n.discovery.InstanceInfoReplicator     : InstanceInfoReplicator onDemand update allowed rate per min is 4
2024-05-05 05:59:01.604  INFO 4089 --- [main] com.netflix.discovery.DiscoveryClient    : Discovery Client initialized at timestamp 1714888741603 with initial instances count: 3
2024-05-05 05:59:01.606  INFO 4089 --- [main] o.s.c.n.e.s.EurekaServiceRegistry        : Registering application PAYMENT-SERVICE with eureka with status UP
2024-05-05 05:59:01.607  INFO 4089 --- [main] com.netflix.discovery.DiscoveryClient    : Saw local status change event StatusChangeEvent [timestamp=1714888741607, current=UP, previous=STARTING]
2024-05-05 05:59:01.612  INFO 4089 --- [DiscoveryClient-InstanceInfoReplicator-0] com.netflix.discovery.DiscoveryClient    : DiscoveryClient_PAYMENT-SERVICE/192.168.15.102:payment-service:9092: registering service...
2024-05-05 05:59:01.666  INFO 4089 --- [main] o.s.b.w.embedded.tomcat.TomcatWebServer  : Tomcat started on port(s): 9092 (http) with context path ''
2024-05-05 05:59:01.666  INFO 4089 --- [main] .s.c.n.e.s.EurekaAutoServiceRegistration : Updating port to 9092
2024-05-05 05:59:01.681  INFO 4089 --- [DiscoveryClient-InstanceInfoReplicator-0] com.netflix.discovery.DiscoveryClient    : DiscoveryClient_PAYMENT-SERVICE/192.168.15.102:payment-service:9092 - registration status: 204
2024-05-05 05:59:01.739  INFO 4089 --- [main] c.t.p.PaymentServiceApplication          : Started PaymentServiceApplication in 5.132 seconds (JVM running for 5.455)
2024-05-05 05:59:19.678  INFO 4089 --- [SpringApplicationShutdownHook] o.s.c.n.e.s.EurekaServiceRegistry        : Unregistering application PAYMENT-SERVICE with eureka with status DOWN
2024-05-05 05:59:19.679  INFO 4089 --- [SpringApplicationShutdownHook] com.netflix.discovery.DiscoveryClient    : Saw local status change event StatusChangeEvent [timestamp=1714888759679, current=DOWN, previous=UP]
2024-05-05 05:59:19.679  INFO 4089 --- [DiscoveryClient-InstanceInfoReplicator-0] com.netflix.discovery.DiscoveryClient    : DiscoveryClient_PAYMENT-SERVICE/192.168.15.102:payment-service:9092: registering service...
2024-05-05 05:59:19.727  INFO 4089 --- [SpringApplicationShutdownHook] j.LocalContainerEntityManagerFactoryBean : Closing JPA EntityManagerFactory for persistence unit 'default'
2024-05-05 05:59:19.733  INFO 4089 --- [SpringApplicationShutdownHook] com.zaxxer.hikari.HikariDataSource       : HikariPool-1 - Shutdown initiated...
2024-05-05 05:59:19.767  INFO 4089 --- [SpringApplicationShutdownHook] com.zaxxer.hikari.HikariDataSource       : HikariPool-1 - Shutdown completed.
2024-05-05 05:59:19.768  INFO 4089 --- [SpringApplicationShutdownHook] com.netflix.discovery.DiscoveryClient    : Shutting down DiscoveryClient ...
2024-05-05 05:59:19.796  INFO 4089 --- [DiscoveryClient-InstanceInfoReplicator-0] com.netflix.discovery.DiscoveryClient    : DiscoveryClient_PAYMENT-SERVICE/192.168.15.102:payment-service:9092 - registration status: 204
2024-05-05 05:59:19.798  INFO 4089 --- [SpringApplicationShutdownHook] com.netflix.discovery.DiscoveryClient    : Unregistering ...
2024-05-05 05:59:19.820  INFO 4089 --- [SpringApplicationShutdownHook] c.n.d.s.t.d.RedirectingEurekaHttpClient  : Request execution error. endpoint=DefaultEndpoint{ serviceUrl='http://localhost:8761/eureka/} exception=I/O error on DELETE request for "http://localhost:8761/eureka/apps/PAYMENT-SERVICE/192.168.15.102:payment-service:9092": localhost:8761 failed to respond; nested exception is org.apache.http.NoHttpResponseException: localhost:8761 failed to respond stacktrace=org.springframework.web.client.ResourceAccessException: I/O error on DELETE request for "http://localhost:8761/eureka/apps/PAYMENT-SERVICE/192.168.15.102:payment-service:9092": localhost:8761 failed to respond; nested exception is org.apache.http.NoHttpResponseException: localhost:8761 failed to respond
	at org.springframework.web.client.RestTemplate.doExecute(RestTemplate.java:791)
	at org.springframework.web.client.RestTemplate.execute(RestTemplate.java:717)
	at org.springframework.web.client.RestTemplate.exchange(RestTemplate.java:608)
	at org.springframework.cloud.netflix.eureka.http.RestTemplateEurekaHttpClient.cancel(RestTemplateEurekaHttpClient.java:87)
	at com.netflix.discovery.shared.transport.decorator.EurekaHttpClientDecorator$2.execute(EurekaHttpClientDecorator.java:74)
	at com.netflix.discovery.shared.transport.decorator.RedirectingEurekaHttpClient.execute(RedirectingEurekaHttpClient.java:91)
	at com.netflix.discovery.shared.transport.decorator.EurekaHttpClientDecorator.cancel(EurekaHttpClientDecorator.java:71)
	at com.netflix.discovery.shared.transport.decorator.EurekaHttpClientDecorator$2.execute(EurekaHttpClientDecorator.java:74)
	at com.netflix.discovery.shared.transport.decorator.RetryableEurekaHttpClient.execute(RetryableEurekaHttpClient.java:120)
	at com.netflix.discovery.shared.transport.decorator.EurekaHttpClientDecorator.cancel(EurekaHttpClientDecorator.java:71)
	at com.netflix.discovery.shared.transport.decorator.EurekaHttpClientDecorator$2.execute(EurekaHttpClientDecorator.java:74)
	at com.netflix.discovery.shared.transport.decorator.SessionedEurekaHttpClient.execute(SessionedEurekaHttpClient.java:77)
	at com.netflix.discovery.shared.transport.decorator.EurekaHttpClientDecorator.cancel(EurekaHttpClientDecorator.java:71)
	at com.netflix.discovery.DiscoveryClient.unregister(DiscoveryClient.java:972)
	at com.netflix.discovery.DiscoveryClient.shutdown(DiscoveryClient.java:948)
	at sun.reflect.NativeMethodAccessorImpl.invoke0(Native Method)
	at sun.reflect.NativeMethodAccessorImpl.invoke(NativeMethodAccessorImpl.java:62)
	at sun.reflect.DelegatingMethodAccessorImpl.invoke(DelegatingMethodAccessorImpl.java:43)
	at java.lang.reflect.Method.invoke(Method.java:498)
	at org.springframework.beans.factory.annotation.InitDestroyAnnotationBeanPostProcessor$LifecycleElement.invoke(InitDestroyAnnotationBeanPostProcessor.java:389)
	at org.springframework.beans.factory.annotation.InitDestroyAnnotationBeanPostProcessor$LifecycleMetadata.invokeDestroyMethods(InitDestroyAnnotationBeanPostProcessor.java:347)
	at org.springframework.beans.factory.annotation.InitDestroyAnnotationBeanPostProcessor.postProcessBeforeDestruction(InitDestroyAnnotationBeanPostProcessor.java:177)
	at org.springframework.beans.factory.support.DisposableBeanAdapter.destroy(DisposableBeanAdapter.java:197)
	at org.springframework.beans.factory.support.DisposableBeanAdapter.run(DisposableBeanAdapter.java:190)
	at org.springframework.cloud.context.scope.GenericScope$BeanLifecycleWrapper.destroy(GenericScope.java:390)
	at org.springframework.cloud.context.scope.GenericScope.destroy(GenericScope.java:136)
	at org.springframework.beans.factory.support.DisposableBeanAdapter.destroy(DisposableBeanAdapter.java:213)
	at org.springframework.beans.factory.support.DefaultSingletonBeanRegistry.destroyBean(DefaultSingletonBeanRegistry.java:587)
	at org.springframework.beans.factory.support.DefaultSingletonBeanRegistry.destroySingleton(DefaultSingletonBeanRegistry.java:559)
	at org.springframework.beans.factory.support.DefaultListableBeanFactory.destroySingleton(DefaultListableBeanFactory.java:1163)
	at org.springframework.beans.factory.support.DefaultSingletonBeanRegistry.destroySingletons(DefaultSingletonBeanRegistry.java:520)
	at org.springframework.beans.factory.support.DefaultListableBeanFactory.destroySingletons(DefaultListableBeanFactory.java:1156)
	at org.springframework.context.support.AbstractApplicationContext.destroyBeans(AbstractApplicationContext.java:1112)
	at org.springframework.context.support.AbstractApplicationContext.doClose(AbstractApplicationContext.java:1078)
	at org.springframework.boot.web.servlet.context.ServletWebServerApplicationContext.doClose(ServletWebServerApplicationContext.java:174)
	at org.springframework.context.support.AbstractApplicationContext.close(AbstractApplicationContext.java:1024)
	at org.springframework.boot.SpringApplicationShutdownHook.closeAndWait(SpringApplicationShutdownHook.java:145)
	at java.lang.Iterable.forEach(Iterable.java:75)
	at org.springframework.boot.SpringApplicationShutdownHook.run(SpringApplicationShutdownHook.java:114)
	at java.lang.Thread.run(Thread.java:750)
Caused by: org.apache.http.NoHttpResponseException: localhost:8761 failed to respond
	at org.apache.http.impl.conn.DefaultHttpResponseParser.parseHead(DefaultHttpResponseParser.java:141)
	at org.apache.http.impl.conn.DefaultHttpResponseParser.parseHead(DefaultHttpResponseParser.java:56)
	at org.apache.http.impl.io.AbstractMessageParser.parse(AbstractMessageParser.java:259)
	at org.apache.http.impl.DefaultBHttpClientConnection.receiveResponseHeader(DefaultBHttpClientConnection.java:163)
	at org.apache.http.impl.conn.CPoolProxy.receiveResponseHeader(CPoolProxy.java:157)
	at org.apache.http.protocol.HttpRequestExecutor.doReceiveResponse(HttpRequestExecutor.java:273)
	at org.apache.http.protocol.HttpRequestExecutor.execute(HttpRequestExecutor.java:125)
	at org.apache.http.impl.execchain.MainClientExec.execute(MainClientExec.java:272)
	at org.apache.http.impl.execchain.ProtocolExec.execute(ProtocolExec.java:186)
	at org.apache.http.impl.execchain.RetryExec.execute(RetryExec.java:89)
	at org.apache.http.impl.execchain.RedirectExec.execute(RedirectExec.java:110)
	at org.apache.http.impl.client.InternalHttpClient.doExecute(InternalHttpClient.java:185)
	at org.apache.http.impl.client.CloseableHttpClient.execute(CloseableHttpClient.java:83)
	at org.apache.http.impl.client.CloseableHttpClient.execute(CloseableHttpClient.java:56)
	at org.springframework.http.client.HttpComponentsClientHttpRequest.executeInternal(HttpComponentsClientHttpRequest.java:87)
	at org.springframework.http.client.AbstractBufferingClientHttpRequest.executeInternal(AbstractBufferingClientHttpRequest.java:48)
	at org.springframework.http.client.AbstractClientHttpRequest.execute(AbstractClientHttpRequest.java:66)
	at org.springframework.web.client.RestTemplate.doExecute(RestTemplate.java:782)
	... 39 more

2024-05-05 05:59:19.821  WARN 4089 --- [SpringApplicationShutdownHook] c.n.d.s.t.d.RetryableEurekaHttpClient    : Request execution failed with message: I/O error on DELETE request for "http://localhost:8761/eureka/apps/PAYMENT-SERVICE/192.168.15.102:payment-service:9092": localhost:8761 failed to respond; nested exception is org.apache.http.NoHttpResponseException: localhost:8761 failed to respond
2024-05-05 05:59:19.842  INFO 4089 --- [SpringApplicationShutdownHook] c.n.d.s.t.d.RedirectingEurekaHttpClient  : Request execution error. endpoint=DefaultEndpoint{ serviceUrl='http://localhost:8761/eureka/}, exception=I/O error on DELETE request for "http://localhost:8761/eureka/apps/PAYMENT-SERVICE/192.168.15.102:payment-service:9092": Connect to localhost:8761 [localhost/127.0.0.1] failed: Connection refused (Connection refused); nested exception is org.apache.http.conn.HttpHostConnectException: Connect to localhost:8761 [localhost/127.0.0.1] failed: Connection refused (Connection refused) stacktrace=org.springframework.web.client.ResourceAccessException: I/O error on DELETE request for "http://localhost:8761/eureka/apps/PAYMENT-SERVICE/192.168.15.102:payment-service:9092": Connect to localhost:8761 [localhost/127.0.0.1] failed: Connection refused (Connection refused); nested exception is org.apache.http.conn.HttpHostConnectException: Connect to localhost:8761 [localhost/127.0.0.1] failed: Connection refused (Connection refused)
	at org.springframework.web.client.RestTemplate.doExecute(RestTemplate.java:791)
	at org.springframework.web.client.RestTemplate.execute(RestTemplate.java:717)
	at org.springframework.web.client.RestTemplate.exchange(RestTemplate.java:608)
	at org.springframework.cloud.netflix.eureka.http.RestTemplateEurekaHttpClient.cancel(RestTemplateEurekaHttpClient.java:87)
	at com.netflix.discovery.shared.transport.decorator.EurekaHttpClientDecorator$2.execute(EurekaHttpClientDecorator.java:74)
	at com.netflix.discovery.shared.transport.decorator.RedirectingEurekaHttpClient.executeOnNewServer(RedirectingEurekaHttpClient.java:121)
	at com.netflix.discovery.shared.transport.decorator.RedirectingEurekaHttpClient.execute(RedirectingEurekaHttpClient.java:80)
	at com.netflix.discovery.shared.transport.decorator.EurekaHttpClientDecorator.cancel(EurekaHttpClientDecorator.java:71)
	at com.netflix.discovery.shared.transport.decorator.EurekaHttpClientDecorator$2.execute(EurekaHttpClientDecorator.java:74)
	at com.netflix.discovery.shared.transport.decorator.RetryableEurekaHttpClient.execute(RetryableEurekaHttpClient.java:120)
	at com.netflix.discovery.shared.transport.decorator.EurekaHttpClientDecorator.cancel(EurekaHttpClientDecorator.java:71)
	at com.netflix.discovery.shared.transport.decorator.EurekaHttpClientDecorator$2.execute(EurekaHttpClientDecorator.java:74)
	at com.netflix.discovery.shared.transport.decorator.SessionedEurekaHttpClient.execute(SessionedEurekaHttpClient.java:77)
	at com.netflix.discovery.shared.transport.decorator.EurekaHttpClientDecorator.cancel(EurekaHttpClientDecorator.java:71)
	at com.netflix.discovery.DiscoveryClient.unregister(DiscoveryClient.java:972)
	at com.netflix.discovery.DiscoveryClient.shutdown(DiscoveryClient.java:948)
	at sun.reflect.NativeMethodAccessorImpl.invoke0(Native Method)
	at sun.reflect.NativeMethodAccessorImpl.invoke(NativeMethodAccessorImpl.java:62)
	at sun.reflect.DelegatingMethodAccessorImpl.invoke(DelegatingMethodAccessorImpl.java:43)
	at java.lang.reflect.Method.invoke(Method.java:498)
	at org.springframework.beans.factory.annotation.InitDestroyAnnotationBeanPostProcessor$LifecycleElement.invoke(InitDestroyAnnotationBeanPostProcessor.java:389)
	at org.springframework.beans.factory.annotation.InitDestroyAnnotationBeanPostProcessor$LifecycleMetadata.invokeDestroyMethods(InitDestroyAnnotationBeanPostProcessor.java:347)
	at org.springframework.beans.factory.annotation.InitDestroyAnnotationBeanPostProcessor.postProcessBeforeDestruction(InitDestroyAnnotationBeanPostProcessor.java:177)
	at org.springframework.beans.factory.support.DisposableBeanAdapter.destroy(DisposableBeanAdapter.java:197)
	at org.springframework.beans.factory.support.DisposableBeanAdapter.run(DisposableBeanAdapter.java:190)
	at org.springframework.cloud.context.scope.GenericScope$BeanLifecycleWrapper.destroy(GenericScope.java:390)
	at org.springframework.cloud.context.scope.GenericScope.destroy(GenericScope.java:136)
	at org.springframework.beans.factory.support.DisposableBeanAdapter.destroy(DisposableBeanAdapter.java:213)
	at org.springframework.beans.factory.support.DefaultSingletonBeanRegistry.destroyBean(DefaultSingletonBeanRegistry.java:587)
	at org.springframework.beans.factory.support.DefaultSingletonBeanRegistry.destroySingleton(DefaultSingletonBeanRegistry.java:559)
	at org.springframework.beans.factory.support.DefaultListableBeanFactory.destroySingleton(DefaultListableBeanFactory.java:1163)
	at org.springframework.beans.factory.support.DefaultSingletonBeanRegistry.destroySingletons(DefaultSingletonBeanRegistry.java:520)
	at org.springframework.beans.factory.support.DefaultListableBeanFactory.destroySingletons(DefaultListableBeanFactory.java:1156)
	at org.springframework.context.support.AbstractApplicationContext.destroyBeans(AbstractApplicationContext.java:1112)
	at org.springframework.context.support.AbstractApplicationContext.doClose(AbstractApplicationContext.java:1078)
	at org.springframework.boot.web.servlet.context.ServletWebServerApplicationContext.doClose(ServletWebServerApplicationContext.java:174)
	at org.springframework.context.support.AbstractApplicationContext.close(AbstractApplicationContext.java:1024)
	at org.springframework.boot.SpringApplicationShutdownHook.closeAndWait(SpringApplicationShutdownHook.java:145)
	at java.lang.Iterable.forEach(Iterable.java:75)
	at org.springframework.boot.SpringApplicationShutdownHook.run(SpringApplicationShutdownHook.java:114)
	at java.lang.Thread.run(Thread.java:750)
Caused by: org.apache.http.conn.HttpHostConnectException: Connect to localhost:8761 [localhost/127.0.0.1] failed: Connection refused (Connection refused)
	at org.apache.http.impl.conn.DefaultHttpClientConnectionOperator.connect(DefaultHttpClientConnectionOperator.java:156)
	at org.apache.http.impl.conn.PoolingHttpClientConnectionManager.connect(PoolingHttpClientConnectionManager.java:376)
	at org.apache.http.impl.execchain.MainClientExec.establishRoute(MainClientExec.java:393)
	at org.apache.http.impl.execchain.MainClientExec.execute(MainClientExec.java:236)
	at org.apache.http.impl.execchain.ProtocolExec.execute(ProtocolExec.java:186)
	at org.apache.http.impl.execchain.RetryExec.execute(RetryExec.java:89)
	at org.apache.http.impl.execchain.RedirectExec.execute(RedirectExec.java:110)
	at org.apache.http.impl.client.InternalHttpClient.doExecute(InternalHttpClient.java:185)
	at org.apache.http.impl.client.CloseableHttpClient.execute(CloseableHttpClient.java:83)
	at org.apache.http.impl.client.CloseableHttpClient.execute(CloseableHttpClient.java:56)
	at org.springframework.http.client.HttpComponentsClientHttpRequest.executeInternal(HttpComponentsClientHttpRequest.java:87)
	at org.springframework.http.client.AbstractBufferingClientHttpRequest.executeInternal(AbstractBufferingClientHttpRequest.java:48)
	at org.springframework.http.client.AbstractClientHttpRequest.execute(AbstractClientHttpRequest.java:66)
	at org.springframework.web.client.RestTemplate.doExecute(RestTemplate.java:782)
	... 40 more
Caused by: java.net.ConnectException: Connection refused (Connection refused)
	at java.net.PlainSocketImpl.socketConnect(Native Method)
	at java.net.AbstractPlainSocketImpl.doConnect(AbstractPlainSocketImpl.java:350)
	at java.net.AbstractPlainSocketImpl.connectToAddress(AbstractPlainSocketImpl.java:206)
	at java.net.AbstractPlainSocketImpl.connect(AbstractPlainSocketImpl.java:188)
	at java.net.SocksSocketImpl.connect(SocksSocketImpl.java:392)
	at java.net.Socket.connect(Socket.java:607)
	at org.apache.http.conn.socket.PlainConnectionSocketFactory.connectSocket(PlainConnectionSocketFactory.java:75)
	at org.apache.http.impl.conn.DefaultHttpClientConnectionOperator.connect(DefaultHttpClientConnectionOperator.java:142)
	... 53 more

2024-05-05 05:59:19.843  WARN 4089 --- [SpringApplicationShutdownHook] c.n.d.s.t.d.RetryableEurekaHttpClient    : Request execution failed with message: I/O error on DELETE request for "http://localhost:8761/eureka/apps/PAYMENT-SERVICE/192.168.15.102:payment-service:9092": Connect to localhost:8761 [localhost/127.0.0.1] failed: Connection refused (Connection refused); nested exception is org.apache.http.conn.HttpHostConnectException: Connect to localhost:8761 [localhost/127.0.0.1] failed: Connection refused (Connection refused)
2024-05-05 05:59:19.855 ERROR 4089 --- [SpringApplicationShutdownHook] com.netflix.discovery.DiscoveryClient    : DiscoveryClient_PAYMENT-SERVICE/192.168.15.102:payment-service:9092 - de-registration failedCannot execute request on any known server

com.netflix.discovery.shared.transport.TransportException: Cannot execute request on any known server
	at com.netflix.discovery.shared.transport.decorator.RetryableEurekaHttpClient.execute(RetryableEurekaHttpClient.java:112) ~[eureka-client-1.10.17.jar:1.10.17]
	at com.netflix.discovery.shared.transport.decorator.EurekaHttpClientDecorator.cancel(EurekaHttpClientDecorator.java:71) ~[eureka-client-1.10.17.jar:1.10.17]
	at com.netflix.discovery.shared.transport.decorator.EurekaHttpClientDecorator$2.execute(EurekaHttpClientDecorator.java:74) ~[eureka-client-1.10.17.jar:1.10.17]
	at com.netflix.discovery.shared.transport.decorator.SessionedEurekaHttpClient.execute(SessionedEurekaHttpClient.java:77) ~[eureka-client-1.10.17.jar:1.10.17]
	at com.netflix.discovery.shared.transport.decorator.EurekaHttpClientDecorator.cancel(EurekaHttpClientDecorator.java:71) ~[eureka-client-1.10.17.jar:1.10.17]
	at com.netflix.discovery.DiscoveryClient.unregister(DiscoveryClient.java:972) [eureka-client-1.10.17.jar:1.10.17]
	at com.netflix.discovery.DiscoveryClient.shutdown(DiscoveryClient.java:948) [eureka-client-1.10.17.jar:1.10.17]
	at sun.reflect.NativeMethodAccessorImpl.invoke0(Native Method) ~[na:1.8.0_402]
	at sun.reflect.NativeMethodAccessorImpl.invoke(NativeMethodAccessorImpl.java:62) ~[na:1.8.0_402]
	at sun.reflect.DelegatingMethodAccessorImpl.invoke(DelegatingMethodAccessorImpl.java:43) ~[na:1.8.0_402]
	at java.lang.reflect.Method.invoke(Method.java:498) ~[na:1.8.0_402]
	at org.springframework.beans.factory.annotation.InitDestroyAnnotationBeanPostProcessor$LifecycleElement.invoke(InitDestroyAnnotationBeanPostProcessor.java:389) [spring-beans-5.3.30.jar:5.3.30]
	at org.springframework.beans.factory.annotation.InitDestroyAnnotationBeanPostProcessor$LifecycleMetadata.invokeDestroyMethods(InitDestroyAnnotationBeanPostProcessor.java:347) [spring-beans-5.3.30.jar:5.3.30]
	at org.springframework.beans.factory.annotation.InitDestroyAnnotationBeanPostProcessor.postProcessBeforeDestruction(InitDestroyAnnotationBeanPostProcessor.java:177) [spring-beans-5.3.30.jar:5.3.30]
	at org.springframework.beans.factory.support.DisposableBeanAdapter.destroy(DisposableBeanAdapter.java:197) [spring-beans-5.3.30.jar:5.3.30]
	at org.springframework.beans.factory.support.DisposableBeanAdapter.run(DisposableBeanAdapter.java:190) [spring-beans-5.3.30.jar:5.3.30]
	at org.springframework.cloud.context.scope.GenericScope$BeanLifecycleWrapper.destroy(GenericScope.java:390) [spring-cloud-context-3.1.7.jar:3.1.7]
	at org.springframework.cloud.context.scope.GenericScope.destroy(GenericScope.java:136) [spring-cloud-context-3.1.7.jar:3.1.7]
	at org.springframework.beans.factory.support.DisposableBeanAdapter.destroy(DisposableBeanAdapter.java:213) [spring-beans-5.3.30.jar:5.3.30]
	at org.springframework.beans.factory.support.DefaultSingletonBeanRegistry.destroyBean(DefaultSingletonBeanRegistry.java:587) [spring-beans-5.3.30.jar:5.3.30]
	at org.springframework.beans.factory.support.DefaultSingletonBeanRegistry.destroySingleton(DefaultSingletonBeanRegistry.java:559) [spring-beans-5.3.30.jar:5.3.30]
	at org.springframework.beans.factory.support.DefaultListableBeanFactory.destroySingleton(DefaultListableBeanFactory.java:1163) [spring-beans-5.3.30.jar:5.3.30]
	at org.springframework.beans.factory.support.DefaultSingletonBeanRegistry.destroySingletons(DefaultSingletonBeanRegistry.java:520) [spring-beans-5.3.30.jar:5.3.30]
	at org.springframework.beans.factory.support.DefaultListableBeanFactory.destroySingletons(DefaultListableBeanFactory.java:1156) [spring-beans-5.3.30.jar:5.3.30]
	at org.springframework.context.support.AbstractApplicationContext.destroyBeans(AbstractApplicationContext.java:1112) [spring-context-5.3.30.jar:5.3.30]
	at org.springframework.context.support.AbstractApplicationContext.doClose(AbstractApplicationContext.java:1078) [spring-context-5.3.30.jar:5.3.30]
	at org.springframework.boot.web.servlet.context.ServletWebServerApplicationContext.doClose(ServletWebServerApplicationContext.java:174) [spring-boot-2.7.17.jar:2.7.17]
	at org.springframework.context.support.AbstractApplicationContext.close(AbstractApplicationContext.java:1024) [spring-context-5.3.30.jar:5.3.30]
	at org.springframework.boot.SpringApplicationShutdownHook.closeAndWait(SpringApplicationShutdownHook.java:145) [spring-boot-2.7.17.jar:2.7.17]
	at java.lang.Iterable.forEach(Iterable.java:75) ~[na:1.8.0_402]
	at org.springframework.boot.SpringApplicationShutdownHook.run(SpringApplicationShutdownHook.java:114) [spring-boot-2.7.17.jar:2.7.17]
	at java.lang.Thread.run(Thread.java:750) ~[na:1.8.0_402]

2024-05-05 05:59:19.870  INFO 4089 --- [SpringApplicationShutdownHook] com.netflix.discovery.DiscoveryClient    : Completed shut down of DiscoveryClient
2024-05-05 06:29:15.426  INFO 4371 --- [main] c.t.p.PaymentServiceApplication          : Starting PaymentServiceApplication using Java 1.8.0_402 on ftgoserver with PID 4371 (/home/user1/microservices-monitoring/payment-service/target/classes started by user1 in /home/user1/microservices-monitoring/payment-service)
2024-05-05 06:29:15.429  INFO 4371 --- [main] c.t.p.PaymentServiceApplication          : No active profile set, falling back to 1 default profile: "default"
2024-05-05 06:29:15.456  INFO 4371 --- [main] o.s.c.c.c.ConfigServerConfigDataLoader   : Fetching config from server at : http://localhost:9196
2024-05-05 06:29:15.457  INFO 4371 --- [main] o.s.c.c.c.ConfigServerConfigDataLoader   : Located environment: name=payment-service, profiles=[default], label=null, version=1dc93fbb7b9bfb05da4d42dbd8b5aa3fe67e337f, state=null
2024-05-05 06:29:15.926  INFO 4371 --- [main] .s.d.r.c.RepositoryConfigurationDelegate : Bootstrapping Spring Data JPA repositories in DEFAULT mode.
2024-05-05 06:29:16.045  INFO 4371 --- [main] .s.d.r.c.RepositoryConfigurationDelegate : Finished Spring Data repository scanning in 108 ms. Found 1 JPA repository interfaces.
2024-05-05 06:29:16.281  INFO 4371 --- [main] o.s.cloud.context.scope.GenericScope     : BeanFactory id=f178e4eb-0ac5-3f75-9f5f-5386dfb6cdbb
2024-05-05 06:29:16.632  INFO 4371 --- [main] o.s.b.w.embedded.tomcat.TomcatWebServer  : Tomcat initialized with port(s): 9092 (http)
2024-05-05 06:29:16.639  INFO 4371 --- [main] o.apache.catalina.core.StandardService   : Starting service [Tomcat]
2024-05-05 06:29:16.640  INFO 4371 --- [main] org.apache.catalina.core.StandardEngine  : Starting Servlet engine: [Apache Tomcat/9.0.82]
2024-05-05 06:29:16.687  INFO 4371 --- [main] o.a.c.c.C.[Tomcat].[localhost].[/]       : Initializing Spring embedded WebApplicationContext
2024-05-05 06:29:16.688  INFO 4371 --- [main] w.s.c.ServletWebServerApplicationContext : Root WebApplicationContext: initialization completed in 1229 ms
2024-05-05 06:29:16.719  INFO 4371 --- [main] com.zaxxer.hikari.HikariDataSource       : HikariPool-1 - Starting...
2024-05-05 06:29:16.909  INFO 4371 --- [main] com.zaxxer.hikari.HikariDataSource       : HikariPool-1 - Start completed.
2024-05-05 06:29:16.920  INFO 4371 --- [main] o.s.b.a.h2.H2ConsoleAutoConfiguration    : H2 console available at '/h2-console'. Database available at 'jdbc:h2:mem:payment'
2024-05-05 06:29:17.066  INFO 4371 --- [main] o.hibernate.jpa.internal.util.LogHelper  : HHH000204: Processing PersistenceUnitInfo [name: default]
2024-05-05 06:29:17.121  INFO 4371 --- [main] org.hibernate.Version                    : HHH000412: Hibernate ORM core version 5.6.15.Final
2024-05-05 06:29:17.288  INFO 4371 --- [main] o.hibernate.annotations.common.Version   : HCANN000001: Hibernate Commons Annotations {5.1.2.Final}
2024-05-05 06:29:17.394  INFO 4371 --- [main] org.hibernate.dialect.Dialect            : HHH000400: Using dialect: org.hibernate.dialect.H2Dialect
2024-05-05 06:29:17.832 DEBUG 4371 --- [main] org.hibernate.SQL                        : create table payment_tbl (payment_id integer not null, amount double not null, order_id integer not null, payment_status varchar(255), transaction_id varchar(255), primary key (payment_id))
2024-05-05 06:29:17.836 DEBUG 4371 --- [main] org.hibernate.SQL                        : create sequence hibernate_sequence start with 1 increment by 1
2024-05-05 06:29:17.837  INFO 4371 --- [main] o.h.e.t.j.p.i.JtaPlatformInitiator       : HHH000490: Using JtaPlatform implementation: [org.hibernate.engine.transaction.jta.platform.internal.NoJtaPlatform]
2024-05-05 06:29:17.846  INFO 4371 --- [main] j.LocalContainerEntityManagerFactoryBean : Initialized JPA EntityManagerFactory for persistence unit 'default'
2024-05-05 06:29:18.217  WARN 4371 --- [main] JpaBaseConfiguration$JpaWebConfiguration : spring.jpa.open-in-view is enabled by default. Therefore, database queries may be performed during view rendering. Explicitly configure spring.jpa.open-in-view to disable this warning
2024-05-05 06:29:18.598  INFO 4371 --- [main] DiscoveryClientOptionalArgsConfiguration : Eureka HTTP Client uses RestTemplate.
2024-05-05 06:29:18.759  WARN 4371 --- [main] iguration$LoadBalancerCaffeineWarnLogger : Spring Cloud LoadBalancer is currently working with the default cache. While this cache implementation is useful for development and tests, it's recommended to use Caffeine cache in production.You can switch to using Caffeine cache, by adding it and org.springframework.cache.caffeine.CaffeineCacheManager to the classpath.
2024-05-05 06:29:18.809  INFO 4371 --- [main] o.s.c.n.eureka.InstanceInfoFactory       : Setting initial instance status as: STARTING
2024-05-05 06:29:18.845  INFO 4371 --- [main] com.netflix.discovery.DiscoveryClient    : Initializing Eureka in region us-east-1
2024-05-05 06:29:18.850  INFO 4371 --- [main] c.n.d.s.r.aws.ConfigClusterResolver      : Resolving eureka endpoints via configuration
2024-05-05 06:29:18.870  INFO 4371 --- [main] com.netflix.discovery.DiscoveryClient    : Disable delta property : false
2024-05-05 06:29:18.871  INFO 4371 --- [main] com.netflix.discovery.DiscoveryClient    : Single vip registry refresh property : null
2024-05-05 06:29:18.871  INFO 4371 --- [main] com.netflix.discovery.DiscoveryClient    : Force full registry fetch : false
2024-05-05 06:29:18.871  INFO 4371 --- [main] com.netflix.discovery.DiscoveryClient    : Application is null : false
2024-05-05 06:29:18.871  INFO 4371 --- [main] com.netflix.discovery.DiscoveryClient    : Registered Applications size is zero : true
2024-05-05 06:29:18.871  INFO 4371 --- [main] com.netflix.discovery.DiscoveryClient    : Application version is -1: true
2024-05-05 06:29:18.871  INFO 4371 --- [main] com.netflix.discovery.DiscoveryClient    : Getting all instance registry info from the eureka server
2024-05-05 06:29:19.082  INFO 4371 --- [main] com.netflix.discovery.DiscoveryClient    : The response status is 200
2024-05-05 06:29:19.085  INFO 4371 --- [main] com.netflix.discovery.DiscoveryClient    : Starting heartbeat executor: renew interval is: 30
2024-05-05 06:29:19.087  INFO 4371 --- [main] c.n.discovery.InstanceInfoReplicator     : InstanceInfoReplicator onDemand update allowed rate per min is 4
2024-05-05 06:29:19.091  INFO 4371 --- [main] com.netflix.discovery.DiscoveryClient    : Discovery Client initialized at timestamp 1714890559090 with initial instances count: 2
2024-05-05 06:29:19.093  INFO 4371 --- [main] o.s.c.n.e.s.EurekaServiceRegistry        : Registering application PAYMENT-SERVICE with eureka with status UP
2024-05-05 06:29:19.093  INFO 4371 --- [main] com.netflix.discovery.DiscoveryClient    : Saw local status change event StatusChangeEvent [timestamp=1714890559093, current=UP, previous=STARTING]
2024-05-05 06:29:19.096  INFO 4371 --- [DiscoveryClient-InstanceInfoReplicator-0] com.netflix.discovery.DiscoveryClient    : DiscoveryClient_PAYMENT-SERVICE/192.168.15.102:payment-service:9092: registering service...
2024-05-05 06:29:19.138  INFO 4371 --- [main] o.s.b.w.embedded.tomcat.TomcatWebServer  : Tomcat started on port(s): 9092 (http) with context path ''
2024-05-05 06:29:19.143  INFO 4371 --- [main] .s.c.n.e.s.EurekaAutoServiceRegistration : Updating port to 9092
2024-05-05 06:29:19.152  INFO 4371 --- [DiscoveryClient-InstanceInfoReplicator-0] com.netflix.discovery.DiscoveryClient    : DiscoveryClient_PAYMENT-SERVICE/192.168.15.102:payment-service:9092 - registration status: 204
2024-05-05 06:29:19.211  INFO 4371 --- [main] c.t.p.PaymentServiceApplication          : Started PaymentServiceApplication in 4.974 seconds (JVM running for 5.264)
2024-05-05 06:34:18.874  INFO 4371 --- [AsyncResolver-bootstrap-executor-0] c.n.d.s.r.aws.ConfigClusterResolver      : Resolving eureka endpoints via configuration
2024-05-05 06:39:18.877  INFO 4371 --- [AsyncResolver-bootstrap-executor-0] c.n.d.s.r.aws.ConfigClusterResolver      : Resolving eureka endpoints via configuration
2024-05-05 06:44:18.882  INFO 4371 --- [AsyncResolver-bootstrap-executor-0] c.n.d.s.r.aws.ConfigClusterResolver      : Resolving eureka endpoints via configuration
2024-05-05 06:49:18.894  INFO 4371 --- [AsyncResolver-bootstrap-executor-0] c.n.d.s.r.aws.ConfigClusterResolver      : Resolving eureka endpoints via configuration
2024-05-05 06:54:18.896  INFO 4371 --- [AsyncResolver-bootstrap-executor-0] c.n.d.s.r.aws.ConfigClusterResolver      : Resolving eureka endpoints via configuration
2024-05-05 06:59:18.898  INFO 4371 --- [AsyncResolver-bootstrap-executor-0] c.n.d.s.r.aws.ConfigClusterResolver      : Resolving eureka endpoints via configuration
2024-05-05 07:04:18.903  INFO 4371 --- [AsyncResolver-bootstrap-executor-0] c.n.d.s.r.aws.ConfigClusterResolver      : Resolving eureka endpoints via configuration
2024-05-05 07:09:18.907  INFO 4371 --- [AsyncResolver-bootstrap-executor-0] c.n.d.s.r.aws.ConfigClusterResolver      : Resolving eureka endpoints via configuration
2024-05-05 07:14:18.908  INFO 4371 --- [AsyncResolver-bootstrap-executor-0] c.n.d.s.r.aws.ConfigClusterResolver      : Resolving eureka endpoints via configuration
2024-05-05 07:19:18.915  INFO 4371 --- [AsyncResolver-bootstrap-executor-0] c.n.d.s.r.aws.ConfigClusterResolver      : Resolving eureka endpoints via configuration
2024-05-05 07:24:18.922  INFO 4371 --- [AsyncResolver-bootstrap-executor-0] c.n.d.s.r.aws.ConfigClusterResolver      : Resolving eureka endpoints via configuration
2024-05-05 07:28:05.110  INFO 4371 --- [http-nio-9092-exec-2] o.a.c.c.C.[Tomcat].[localhost].[/]       : Initializing Spring DispatcherServlet 'dispatcherServlet'
2024-05-05 07:28:05.112  INFO 4371 --- [http-nio-9092-exec-2] o.s.web.servlet.DispatcherServlet        : Initializing Servlet 'dispatcherServlet'
2024-05-05 07:28:05.175  INFO 4371 --- [http-nio-9092-exec-2] o.s.web.servlet.DispatcherServlet        : Completed initialization in 63 ms
2024-05-05 07:28:05.407  INFO 4371 --- [http-nio-9092-exec-2] c.t.p.controller.PaymentController       : PaymentController doPayment request {"paymentId":0,"paymentStatus":null,"transactionId":null,"orderId":1111,"amount":555000.0} 
2024-05-05 07:28:05.557 DEBUG 4371 --- [http-nio-9092-exec-2] org.hibernate.SQL                        : call next value for hibernate_sequence
2024-05-05 07:28:05.695 DEBUG 4371 --- [http-nio-9092-exec-2] org.hibernate.SQL                        : insert into payment_tbl (amount, order_id, payment_status, transaction_id, payment_id) values (?, ?, ?, ?, ?)
2024-05-05 07:28:05.719  INFO 4371 --- [http-nio-9092-exec-2] c.t.p.controller.PaymentController       : PaymentController doPayment response {"paymentId":1,"paymentStatus":"SUCESS","transactionId":"e53a30c8-f4da-4edc-8420-8af60fbb2c13","orderId":1111,"amount":555000.0} 
2024-05-05 07:28:09.436  INFO 4371 --- [http-nio-9092-exec-3] c.t.p.controller.PaymentController       : PaymentController doPayment request {"paymentId":0,"paymentStatus":null,"transactionId":null,"orderId":1111,"amount":555000.0} 
2024-05-05 07:28:09.437 DEBUG 4371 --- [http-nio-9092-exec-3] org.hibernate.SQL                        : call next value for hibernate_sequence
2024-05-05 07:28:09.438 DEBUG 4371 --- [http-nio-9092-exec-3] org.hibernate.SQL                        : insert into payment_tbl (amount, order_id, payment_status, transaction_id, payment_id) values (?, ?, ?, ?, ?)
2024-05-05 07:28:09.440  INFO 4371 --- [http-nio-9092-exec-3] c.t.p.controller.PaymentController       : PaymentController doPayment response {"paymentId":2,"paymentStatus":"SUCESS","transactionId":"3dc45909-d8ce-49c7-8cd7-6e952323ff09","orderId":1111,"amount":555000.0} 
2024-05-05 07:28:10.487  INFO 4371 --- [http-nio-9092-exec-4] c.t.p.controller.PaymentController       : PaymentController doPayment request {"paymentId":0,"paymentStatus":null,"transactionId":null,"orderId":1111,"amount":555000.0} 
2024-05-05 07:28:10.489 DEBUG 4371 --- [http-nio-9092-exec-4] org.hibernate.SQL                        : call next value for hibernate_sequence
2024-05-05 07:28:10.490 DEBUG 4371 --- [http-nio-9092-exec-4] org.hibernate.SQL                        : insert into payment_tbl (amount, order_id, payment_status, transaction_id, payment_id) values (?, ?, ?, ?, ?)
2024-05-05 07:28:10.492  INFO 4371 --- [http-nio-9092-exec-4] c.t.p.controller.PaymentController       : PaymentController doPayment response {"paymentId":3,"paymentStatus":"SUCESS","transactionId":"675ee2c4-3602-4908-a511-48a406f0dbcb","orderId":1111,"amount":555000.0} 
2024-05-05 07:28:18.662  INFO 4371 --- [http-nio-9092-exec-5] c.t.p.controller.PaymentController       : PaymentController doPayment request {"paymentId":0,"paymentStatus":null,"transactionId":null,"orderId":1112,"amount":555000.0} 
2024-05-05 07:28:18.664 DEBUG 4371 --- [http-nio-9092-exec-5] org.hibernate.SQL                        : call next value for hibernate_sequence
2024-05-05 07:28:18.665 DEBUG 4371 --- [http-nio-9092-exec-5] org.hibernate.SQL                        : insert into payment_tbl (amount, order_id, payment_status, transaction_id, payment_id) values (?, ?, ?, ?, ?)
2024-05-05 07:28:18.668  INFO 4371 --- [http-nio-9092-exec-5] c.t.p.controller.PaymentController       : PaymentController doPayment response {"paymentId":4,"paymentStatus":"SUCESS","transactionId":"e3d61bc1-fbea-4b51-80df-9fb6b3032bc6","orderId":1112,"amount":555000.0} 
2024-05-05 07:28:22.624  INFO 4371 --- [http-nio-9092-exec-6] c.t.p.controller.PaymentController       : PaymentController doPayment request {"paymentId":0,"paymentStatus":null,"transactionId":null,"orderId":1113,"amount":555000.0} 
2024-05-05 07:28:22.624 DEBUG 4371 --- [http-nio-9092-exec-6] org.hibernate.SQL                        : call next value for hibernate_sequence
2024-05-05 07:28:22.625 DEBUG 4371 --- [http-nio-9092-exec-6] org.hibernate.SQL                        : insert into payment_tbl (amount, order_id, payment_status, transaction_id, payment_id) values (?, ?, ?, ?, ?)
2024-05-05 07:28:22.629  INFO 4371 --- [http-nio-9092-exec-6] c.t.p.controller.PaymentController       : PaymentController doPayment response {"paymentId":5,"paymentStatus":"FAILURE","transactionId":"4ea7b140-9acf-4e83-94cf-30193dcc410e","orderId":1113,"amount":555000.0} 
2024-05-05 07:29:18.925  INFO 4371 --- [AsyncResolver-bootstrap-executor-0] c.n.d.s.r.aws.ConfigClusterResolver      : Resolving eureka endpoints via configuration
2024-05-05 07:34:18.930  INFO 4371 --- [AsyncResolver-bootstrap-executor-0] c.n.d.s.r.aws.ConfigClusterResolver      : Resolving eureka endpoints via configuration
2024-05-05 07:39:18.934  INFO 4371 --- [AsyncResolver-bootstrap-executor-0] c.n.d.s.r.aws.ConfigClusterResolver      : Resolving eureka endpoints via configuration
2024-05-05 07:44:18.940  INFO 4371 --- [AsyncResolver-bootstrap-executor-0] c.n.d.s.r.aws.ConfigClusterResolver      : Resolving eureka endpoints via configuration
2024-05-05 07:49:18.944  INFO 4371 --- [AsyncResolver-bootstrap-executor-0] c.n.d.s.r.aws.ConfigClusterResolver      : Resolving eureka endpoints via configuration
2024-05-05 07:54:18.948  INFO 4371 --- [AsyncResolver-bootstrap-executor-0] c.n.d.s.r.aws.ConfigClusterResolver      : Resolving eureka endpoints via configuration
2024-05-05 07:59:18.954  INFO 4371 --- [AsyncResolver-bootstrap-executor-0] c.n.d.s.r.aws.ConfigClusterResolver      : Resolving eureka endpoints via configuration
2024-05-05 08:04:18.955  INFO 4371 --- [AsyncResolver-bootstrap-executor-0] c.n.d.s.r.aws.ConfigClusterResolver      : Resolving eureka endpoints via configuration
2024-05-05 08:09:18.960  INFO 4371 --- [AsyncResolver-bootstrap-executor-0] c.n.d.s.r.aws.ConfigClusterResolver      : Resolving eureka endpoints via configuration
2024-05-05 08:14:18.961  INFO 4371 --- [AsyncResolver-bootstrap-executor-0] c.n.d.s.r.aws.ConfigClusterResolver      : Resolving eureka endpoints via configuration
2024-05-05 08:19:18.964  INFO 4371 --- [AsyncResolver-bootstrap-executor-0] c.n.d.s.r.aws.ConfigClusterResolver      : Resolving eureka endpoints via configuration
2024-05-05 08:24:18.967  INFO 4371 --- [AsyncResolver-bootstrap-executor-0] c.n.d.s.r.aws.ConfigClusterResolver      : Resolving eureka endpoints via configuration
